0 info it worked if it ends with ok
1 verbose cli [ '/usr/bin/node',
1 verbose cli   '/usr/bin/npm',
1 verbose cli   'install',
1 verbose cli   '-g',
1 verbose cli   'generator-generator' ]
2 info using npm@1.4.14
3 info using node@v0.10.29
4 verbose node symlink /usr/bin/node
5 verbose cache add [ 'generator-generator', null ]
6 verbose cache add name=undefined spec="generator-generator" args=["generator-generator",null]
7 verbose parsed url { protocol: null,
7 verbose parsed url   slashes: null,
7 verbose parsed url   auth: null,
7 verbose parsed url   host: null,
7 verbose parsed url   port: null,
7 verbose parsed url   hostname: null,
7 verbose parsed url   hash: null,
7 verbose parsed url   search: null,
7 verbose parsed url   query: null,
7 verbose parsed url   pathname: 'generator-generator',
7 verbose parsed url   path: 'generator-generator',
7 verbose parsed url   href: 'generator-generator' }
8 silly lockFile 672ab713-generator-generator generator-generator
9 verbose lock generator-generator /home/griffith/.npm/672ab713-generator-generator.lock
10 silly lockFile 672ab713-generator-generator generator-generator
11 silly lockFile 672ab713-generator-generator generator-generator
12 verbose addNamed [ 'generator-generator', '' ]
13 verbose addNamed [ null, '*' ]
14 silly lockFile cf4482ef-generator-generator generator-generator@
15 verbose lock generator-generator@ /home/griffith/.npm/cf4482ef-generator-generator.lock
16 silly addNameRange { name: 'generator-generator', range: '*', hasData: false }
17 verbose url raw generator-generator
18 verbose url resolving [ 'https://registry.npmjs.org/', './generator-generator' ]
19 verbose url resolved https://registry.npmjs.org/generator-generator
20 info trying registry request attempt 1 at 13:30:10
21 verbose etag "CUV3U2M4VRC6M8J46WNKS2RL3"
22 http GET https://registry.npmjs.org/generator-generator
23 http 304 https://registry.npmjs.org/generator-generator
24 silly registry.get cb [ 304,
24 silly registry.get   { date: 'Sat, 19 Jul 2014 18:30:10 GMT',
24 silly registry.get     server: 'Apache',
24 silly registry.get     via: '1.1 varnish',
24 silly registry.get     'last-modified': 'Sat, 19 Jul 2014 18:30:11 GMT',
24 silly registry.get     'cache-control': 'max-age=60',
24 silly registry.get     etag: '"CUV3U2M4VRC6M8J46WNKS2RL3"',
24 silly registry.get     'x-served-by': 'cache-ord1729-ORD',
24 silly registry.get     'x-cache': 'MISS',
24 silly registry.get     'x-cache-hits': '0',
24 silly registry.get     'x-timer': 'S1405794610.915603,VS0,VE190',
24 silly registry.get     vary: 'Accept',
24 silly registry.get     'content-length': '0',
24 silly registry.get     'keep-alive': 'timeout=10, max=50',
24 silly registry.get     connection: 'Keep-Alive' } ]
25 verbose etag generator-generator from cache
26 silly addNameRange number 2 { name: 'generator-generator', range: '*', hasData: true }
27 silly addNameRange versions [ 'generator-generator',
27 silly addNameRange   [ '0.1.0',
27 silly addNameRange     '0.1.1',
27 silly addNameRange     '0.2.0',
27 silly addNameRange     '0.2.1',
27 silly addNameRange     '0.2.2',
27 silly addNameRange     '0.3.0',
27 silly addNameRange     '0.4.0',
27 silly addNameRange     '0.4.1',
27 silly addNameRange     '0.4.2',
27 silly addNameRange     '0.4.3',
27 silly addNameRange     '0.4.4' ] ]
28 verbose addNamed [ 'generator-generator', '0.4.4' ]
29 verbose addNamed [ '0.4.4', '0.4.4' ]
30 silly lockFile 50283b1e-generator-generator-0-4-4 generator-generator@0.4.4
31 verbose lock generator-generator@0.4.4 /home/griffith/.npm/50283b1e-generator-generator-0-4-4.lock
32 silly lockFile 50283b1e-generator-generator-0-4-4 generator-generator@0.4.4
33 silly lockFile 50283b1e-generator-generator-0-4-4 generator-generator@0.4.4
34 silly lockFile cf4482ef-generator-generator generator-generator@
35 silly lockFile cf4482ef-generator-generator generator-generator@
36 silly resolved [ { name: 'generator-generator',
36 silly resolved     version: '0.4.4',
36 silly resolved     description: 'Generator Generator for Yeoman',
36 silly resolved     keywords: [ 'yeoman-generator', 'generator', 'inception' ],
36 silly resolved     homepage: 'https://github.com/yeoman/generator-generator',
36 silly resolved     bugs: { url: 'https://github.com/yeoman/generator-generator/issues' },
36 silly resolved     author:
36 silly resolved      { name: 'Pascal Hartig',
36 silly resolved        email: 'phartig@rdrei.net',
36 silly resolved        url: 'http://yeoman.io' },
36 silly resolved     main: 'app/index.js',
36 silly resolved     repository:
36 silly resolved      { type: 'git',
36 silly resolved        url: 'https://github.com/yeoman/generator-generator.git' },
36 silly resolved     scripts: { test: 'mocha' },
36 silly resolved     dependencies:
36 silly resolved      { 'yeoman-generator': '~0.16.0',
36 silly resolved        github: '~0.1.8',
36 silly resolved        chalk: '~0.4.0',
36 silly resolved        'npm-name': '~0.1.0',
36 silly resolved        yosay: '^0.1.0' },
36 silly resolved     devDependencies: { mocha: '*' },
36 silly resolved     peerDependencies: { yo: '>=1.0.0' },
36 silly resolved     engines: { node: '>=0.10.0', npm: '>=1.2.10' },
36 silly resolved     licenses: [ [Object] ],
36 silly resolved     files: [ 'app', 'subgenerator' ],
36 silly resolved     readme: '# generator-generator [![Build Status](https://secure.travis-ci.org/yeoman/generator-generator.svg?branch=master)](https://travis-ci.org/yeoman/generator-generator)\n\n> Yeoman generator for Yeoman generators  \n> Scaffolds out a new basic Yeoman generator with some sensible defaults.\n\nMaintainer: [Pascal Hartig](https://github.com/passy)\n\n![Yo dawg, I heard you like generators?](http://i.imgur.com/2gqiift.jpg)\n\n\n## Getting started\n\n- Install: `npm install -g generator-generator`\n- Run: `yo generator`\n\n\n## Commands\n\n* `yo generator` shows a wizard for generating a new generator\n* `yo generator:subgenerator NAME` generates a subgenerator with the name NAME\n\n\n## What do you get?\n\nScaffolds out a complete project directory structure for you:\n\n    .\n    ├── app\n    │   ├── index.js\n    │   └── templates\n    │       ├── editorconfig\n    │       └── jshintrc\n    ├── .editorconfig\n    ├── .gitattributes\n    ├── .gitignore\n    ├── .jshintrc\n    ├── LICENSE\n    ├── package.json\n    ├── README.md\n    └── test\n        ├── test-creation.js\n        └── test-load.js\n\n\n## Changelog\n\n* 0.3.0\n    * Updated for generator 0.13.0.\n    * Added yo peer dependency.\n\n* 0.2.2\n    * Updated dependencies.\n\n* 0.2.1\n    * The name specified in the prompt is now used in `package.json`.\n    * `generator-generator` officially replaced the built-in generator that was\n      bundled with yo.\n\n* 0.2\n    * Added subgenerator for subgenerators\n    * Generated generator now generates package.json, component.json and\n      installs them by default.\n\n* 0.1.1\n    * Upgraded mocha to 1.9.0\n    * Include `.travis.yml`\n\n\n## Contributing\n\nSee the [contribution docs](https://github.com/yeoman/yeoman/blob/master/contributing.md).\n\nWhen submitting an issue, please follow [the\nguidelines](https://github.com/yeoman/yeoman/blob/master/contributing.md#issue-submission).\nEspecially important is to make sure Yeoman is up-to-date, and providing the\ncommand or commands that cause the issue.\n\n\n## License\n\nMIT © Pascal Hartig <phartig@rdrei.net> and other contributors\n',
36 silly resolved     readmeFilename: 'README.md',
36 silly resolved     _id: 'generator-generator@0.4.4',
36 silly resolved     _shasum: '25fb96ce1d17cf3d99c43451597a4c44a483b965',
36 silly resolved     _from: 'generator-generator@',
36 silly resolved     _resolved: 'https://registry.npmjs.org/generator-generator/-/generator-generator-0.4.4.tgz' } ]
37 info install generator-generator@0.4.4 into /usr/lib
38 info installOne generator-generator@0.4.4
39 info /usr/lib/node_modules/generator-generator unbuild
40 info preuninstall generator-generator@0.4.4
41 info uninstall generator-generator@0.4.4
42 verbose true,/usr/lib/node_modules,/usr/lib/node_modules unbuild generator-generator@0.4.4
43 info postuninstall generator-generator@0.4.4
44 info /usr/lib/node_modules/generator-generator unbuild
45 info preuninstall generator-generator@0.4.4
46 info uninstall generator-generator@0.4.4
47 verbose true,/usr/lib/node_modules,/usr/lib/node_modules unbuild generator-generator@0.4.4
48 info postuninstall generator-generator@0.4.4
49 error error rolling back Error: EACCES, unlink '/usr/lib/node_modules/generator-generator/README.md'
49 error error rolling back  generator-generator@0.4.4 { [Error: EACCES, unlink '/usr/lib/node_modules/generator-generator/README.md']
49 error error rolling back   errno: 3,
49 error error rolling back   code: 'EACCES',
49 error error rolling back   path: '/usr/lib/node_modules/generator-generator/README.md' }
50 error Error: EACCES, unlink '/usr/lib/node_modules/generator-generator/README.md'
50 error  { [Error: EACCES, unlink '/usr/lib/node_modules/generator-generator/README.md']
50 error   errno: 3,
50 error   code: 'EACCES',
50 error   path: '/usr/lib/node_modules/generator-generator/README.md' }
51 error Please try running this command again as root/Administrator.
52 error System Linux 3.13.0-29-generic
53 error command "/usr/bin/node" "/usr/bin/npm" "install" "-g" "generator-generator"
54 error cwd /usr/local/src/midwestHackathon/chasauge
55 error node -v v0.10.29
56 error npm -v 1.4.14
57 error path /usr/lib/node_modules/generator-generator/README.md
58 error code EACCES
59 error errno 3
60 error stack Error: EACCES, unlink '/usr/lib/node_modules/generator-generator/README.md'
61 verbose exit [ 3, true ]
